autoscan: warning: missing AC_CHECK_FUNCS([clock_gettime]) wanted by: 
	src/TimeHelper.cpp:51
	src/TimeHelper.cpp:55
autoscan: warning: missing AC_CHECK_FUNCS([memset]) wanted by: 
	src/SingeletonTimeDriver.cpp:42
autoscan: warning: missing AC_CHECK_FUNCS([select]) wanted by: 
	src/TimeDriverBySelect.cpp:32
autoscan: warning: missing AC_CHECK_HEADERS([stdint.h]) wanted by: 
	src/TimeDriverByTimeFd.cpp:5
autoscan: warning: missing AC_CHECK_HEADERS([string.h]) wanted by: 
	src/TimeDriverByTimeFd.cpp:6
autoscan: warning: missing AC_CHECK_HEADERS([sys/time.h]) wanted by: 
	src/TimeDriverBySelect.cpp:6
autoscan: warning: missing AC_CHECK_HEADERS([unistd.h]) wanted by: 
	src/main.cpp:7
	src/TimeDriverBySelect.cpp:8
autoscan: warning: missing AC_HEADER_STDBOOL wanted by: 
	src/TimeHelper.cpp:15
	src/main.cpp:46
	src/TimeDriverByTimeFd.cpp:33
	src/TimeDriverByTimeFd.cpp:49
	test/test.cc:20
	src/main.cpp:47
	src/main.cpp:48
	src/TimeWheel.cpp:79
	src/TimeHelper.cpp:52
	src/TimeHelper.cpp:56
	src/TimeDriverBySelect.cpp:36
	src/TimeDriverByTimeFd.cpp:41
autoscan: warning: missing AC_PROG_CC wanted by: 
	config.h.in
	build/config.h
	test/HelloWorldTestCases.h
	test/suites.h
	test/HelloWorld.h
autoscan: warning: missing AC_TYPE_SSIZE_T wanted by: 
	src/TimeDriverByTimeFd.cpp:43
autoscan: warning: missing AC_TYPE_UINT64_T wanted by: 
	src/TimeDriverByTimeFd.cpp:44
	src/TimeDriverByTimeFd.cpp:47
	src/TimeDriverByTimeFd.cpp:48
	src/TimeDriverByTimeFd.cpp:55
